 * Serving Flask app 'app'
 * Debug mode: on
WARNING: This is a development server. Do not use it in a production deployment. Use a production WSGI server instead.
 * Running on http://222.116.135.166:51203
Press CTRL+C to quit
 * Restarting with stat
 * Debugger is active!
 * Debugger PIN: 813-568-075
27.0.238.68 - - [26/Jan/2024 10:26:43] "GET /predict HTTP/1.1" 500 -
Traceback (most recent call last):
  File "/home/students/cs/greenery/.local/lib/python3.10/site-packages/flask/app.py", line 1488, in __call__
    return self.wsgi_app(environ, start_response)
  File "/home/students/cs/greenery/.local/lib/python3.10/site-packages/flask/app.py", line 1466, in wsgi_app
    response = self.handle_exception(e)
  File "/home/students/cs/greenery/.local/lib/python3.10/site-packages/flask/app.py", line 1463, in wsgi_app
    response = self.full_dispatch_request()
  File "/home/students/cs/greenery/.local/lib/python3.10/site-packages/flask/app.py", line 872, in full_dispatch_request
    rv = self.handle_user_exception(e)
  File "/home/students/cs/greenery/.local/lib/python3.10/site-packages/flask/app.py", line 870, in full_dispatch_request
    rv = self.dispatch_request()
  File "/home/students/cs/greenery/.local/lib/python3.10/site-packages/flask/app.py", line 855, in dispatch_request
    return self.ensure_sync(self.view_functions[rule.endpoint])(**view_args)  # type: ignore[no-any-return]
  File "/home/students/cs/greenery/server/app/routes/classification.py", line 31, in _predict
    f = request.files["file"]
  File "/home/students/cs/greenery/.local/lib/python3.10/site-packages/flask/debughelpers.py", line 93, in __getitem__
    return super().__getitem__(key)
  File "/home/students/cs/greenery/.local/lib/python3.10/site-packages/werkzeug/datastructures/structures.py", line 192, in __getitem__
    raise exceptions.BadRequestKeyError(key)
werkzeug.exceptions.BadRequestKeyError: 400 Bad Request: The browser (or proxy) sent a request that this server could not understand.
KeyError: 'file'
211.231.103.106 - - [26/Jan/2024 15:59:13] "GET /predict HTTP/1.1" 500 -
Traceback (most recent call last):
  File "/home/students/cs/greenery/.local/lib/python3.10/site-packages/flask/app.py", line 1488, in __call__
    return self.wsgi_app(environ, start_response)
  File "/home/students/cs/greenery/.local/lib/python3.10/site-packages/flask/app.py", line 1466, in wsgi_app
    response = self.handle_exception(e)
  File "/home/students/cs/greenery/.local/lib/python3.10/site-packages/flask/app.py", line 1463, in wsgi_app
    response = self.full_dispatch_request()
  File "/home/students/cs/greenery/.local/lib/python3.10/site-packages/flask/app.py", line 872, in full_dispatch_request
    rv = self.handle_user_exception(e)
  File "/home/students/cs/greenery/.local/lib/python3.10/site-packages/flask/app.py", line 870, in full_dispatch_request
    rv = self.dispatch_request()
  File "/home/students/cs/greenery/.local/lib/python3.10/site-packages/flask/app.py", line 855, in dispatch_request
    return self.ensure_sync(self.view_functions[rule.endpoint])(**view_args)  # type: ignore[no-any-return]
  File "/home/students/cs/greenery/server/app/routes/classification.py", line 31, in _predict
    f = request.files["file"]
  File "/home/students/cs/greenery/.local/lib/python3.10/site-packages/flask/debughelpers.py", line 93, in __getitem__
    return super().__getitem__(key)
  File "/home/students/cs/greenery/.local/lib/python3.10/site-packages/werkzeug/datastructures/structures.py", line 192, in __getitem__
    raise exceptions.BadRequestKeyError(key)
werkzeug.exceptions.BadRequestKeyError: 400 Bad Request: The browser (or proxy) sent a request that this server could not understand.
KeyError: 'file'
27.0.238.70 - - [26/Jan/2024 17:27:00] "GET /predict HTTP/1.1" 500 -
Traceback (most recent call last):
  File "/home/students/cs/greenery/.local/lib/python3.10/site-packages/flask/app.py", line 1488, in __call__
    return self.wsgi_app(environ, start_response)
  File "/home/students/cs/greenery/.local/lib/python3.10/site-packages/flask/app.py", line 1466, in wsgi_app
    response = self.handle_exception(e)
  File "/home/students/cs/greenery/.local/lib/python3.10/site-packages/flask/app.py", line 1463, in wsgi_app
    response = self.full_dispatch_request()
  File "/home/students/cs/greenery/.local/lib/python3.10/site-packages/flask/app.py", line 872, in full_dispatch_request
    rv = self.handle_user_exception(e)
  File "/home/students/cs/greenery/.local/lib/python3.10/site-packages/flask/app.py", line 870, in full_dispatch_request
    rv = self.dispatch_request()
  File "/home/students/cs/greenery/.local/lib/python3.10/site-packages/flask/app.py", line 855, in dispatch_request
    return self.ensure_sync(self.view_functions[rule.endpoint])(**view_args)  # type: ignore[no-any-return]
  File "/home/students/cs/greenery/server/app/routes/classification.py", line 31, in _predict
    f = request.files["file"]
  File "/home/students/cs/greenery/.local/lib/python3.10/site-packages/flask/debughelpers.py", line 93, in __getitem__
    return super().__getitem__(key)
  File "/home/students/cs/greenery/.local/lib/python3.10/site-packages/werkzeug/datastructures/structures.py", line 192, in __getitem__
    raise exceptions.BadRequestKeyError(key)
werkzeug.exceptions.BadRequestKeyError: 400 Bad Request: The browser (or proxy) sent a request that this server could not understand.
KeyError: 'file'
27.0.238.186 - - [26/Jan/2024 18:28:52] "GET /predict HTTP/1.1" 500 -
Traceback (most recent call last):
  File "/home/students/cs/greenery/.local/lib/python3.10/site-packages/flask/app.py", line 1488, in __call__
    return self.wsgi_app(environ, start_response)
  File "/home/students/cs/greenery/.local/lib/python3.10/site-packages/flask/app.py", line 1466, in wsgi_app
    response = self.handle_exception(e)
  File "/home/students/cs/greenery/.local/lib/python3.10/site-packages/flask/app.py", line 1463, in wsgi_app
    response = self.full_dispatch_request()
  File "/home/students/cs/greenery/.local/lib/python3.10/site-packages/flask/app.py", line 872, in full_dispatch_request
    rv = self.handle_user_exception(e)
  File "/home/students/cs/greenery/.local/lib/python3.10/site-packages/flask/app.py", line 870, in full_dispatch_request
    rv = self.dispatch_request()
  File "/home/students/cs/greenery/.local/lib/python3.10/site-packages/flask/app.py", line 855, in dispatch_request
    return self.ensure_sync(self.view_functions[rule.endpoint])(**view_args)  # type: ignore[no-any-return]
  File "/home/students/cs/greenery/server/app/routes/classification.py", line 31, in _predict
    f = request.files["file"]
  File "/home/students/cs/greenery/.local/lib/python3.10/site-packages/flask/debughelpers.py", line 93, in __getitem__
    return super().__getitem__(key)
  File "/home/students/cs/greenery/.local/lib/python3.10/site-packages/werkzeug/datastructures/structures.py", line 192, in __getitem__
    raise exceptions.BadRequestKeyError(key)
werkzeug.exceptions.BadRequestKeyError: 400 Bad Request: The browser (or proxy) sent a request that this server could not understand.
KeyError: 'file'
211.231.103.93 - - [26/Jan/2024 19:53:44] "GET /predict HTTP/1.1" 500 -
Traceback (most recent call last):
  File "/home/students/cs/greenery/.local/lib/python3.10/site-packages/flask/app.py", line 1488, in __call__
    return self.wsgi_app(environ, start_response)
  File "/home/students/cs/greenery/.local/lib/python3.10/site-packages/flask/app.py", line 1466, in wsgi_app
    response = self.handle_exception(e)
  File "/home/students/cs/greenery/.local/lib/python3.10/site-packages/flask/app.py", line 1463, in wsgi_app
    response = self.full_dispatch_request()
  File "/home/students/cs/greenery/.local/lib/python3.10/site-packages/flask/app.py", line 872, in full_dispatch_request
    rv = self.handle_user_exception(e)
  File "/home/students/cs/greenery/.local/lib/python3.10/site-packages/flask/app.py", line 870, in full_dispatch_request
    rv = self.dispatch_request()
  File "/home/students/cs/greenery/.local/lib/python3.10/site-packages/flask/app.py", line 855, in dispatch_request
    return self.ensure_sync(self.view_functions[rule.endpoint])(**view_args)  # type: ignore[no-any-return]
  File "/home/students/cs/greenery/server/app/routes/classification.py", line 31, in _predict
    f = request.files["file"]
  File "/home/students/cs/greenery/.local/lib/python3.10/site-packages/flask/debughelpers.py", line 93, in __getitem__
    return super().__getitem__(key)
  File "/home/students/cs/greenery/.local/lib/python3.10/site-packages/werkzeug/datastructures/structures.py", line 192, in __getitem__
    raise exceptions.BadRequestKeyError(key)
werkzeug.exceptions.BadRequestKeyError: 400 Bad Request: The browser (or proxy) sent a request that this server could not understand.
KeyError: 'file'
27.0.238.118 - - [26/Jan/2024 21:02:47] "GET /predict HTTP/1.1" 500 -
Traceback (most recent call last):
  File "/home/students/cs/greenery/.local/lib/python3.10/site-packages/flask/app.py", line 1488, in __call__
    return self.wsgi_app(environ, start_response)
  File "/home/students/cs/greenery/.local/lib/python3.10/site-packages/flask/app.py", line 1466, in wsgi_app
    response = self.handle_exception(e)
  File "/home/students/cs/greenery/.local/lib/python3.10/site-packages/flask/app.py", line 1463, in wsgi_app
    response = self.full_dispatch_request()
  File "/home/students/cs/greenery/.local/lib/python3.10/site-packages/flask/app.py", line 872, in full_dispatch_request
    rv = self.handle_user_exception(e)
  File "/home/students/cs/greenery/.local/lib/python3.10/site-packages/flask/app.py", line 870, in full_dispatch_request
    rv = self.dispatch_request()
  File "/home/students/cs/greenery/.local/lib/python3.10/site-packages/flask/app.py", line 855, in dispatch_request
    return self.ensure_sync(self.view_functions[rule.endpoint])(**view_args)  # type: ignore[no-any-return]
  File "/home/students/cs/greenery/server/app/routes/classification.py", line 31, in _predict
    f = request.files["file"]
  File "/home/students/cs/greenery/.local/lib/python3.10/site-packages/flask/debughelpers.py", line 93, in __getitem__
    return super().__getitem__(key)
  File "/home/students/cs/greenery/.local/lib/python3.10/site-packages/werkzeug/datastructures/structures.py", line 192, in __getitem__
    raise exceptions.BadRequestKeyError(key)
werkzeug.exceptions.BadRequestKeyError: 400 Bad Request: The browser (or proxy) sent a request that this server could not understand.
KeyError: 'file'
 * Serving Flask app 'app'
 * Debug mode: on
WARNING: This is a development server. Do not use it in a production deployment. Use a production WSGI server instead.
 * Running on http://222.116.135.166:51203
Press CTRL+C to quit
 * Restarting with stat
 * Debugger is active!
 * Debugger PIN: 813-568-075

0: 512x640 1 í˜íŠ¸ë³‘, 22.4ms
Speed: 6.2ms preprocess, 22.4ms inference, 11.4ms postprocess per image at shape (1, 3, 512, 640)
Results saved to [1m/home/students/cs/greenery/server/app/static/predict107[0m
222.116.135.162 - - [27/Jan/2024 08:55:31] "POST /predict HTTP/1.1" 200 -
CLASS: í˜íŠ¸ë³‘ 
0: 512x640 1 ìŒë£Œìˆ˜ê³½, 17.9ms
Speed: 6.5ms preprocess, 17.9ms inference, 11.4ms postprocess per image at shape (1, 3, 512, 640)
Results saved to [1m/home/students/cs/greenery/server/app/static/predict108[0m
222.116.135.162 - - [27/Jan/2024 08:56:26] "POST /predict HTTP/1.1" 200 -
CLASS: ì¢…ì´ë¥˜ 
0: 512x640 1 ì»¤í”¼ìº”, 10.7ms
Speed: 4.1ms preprocess, 10.7ms inference, 1.5ms postprocess per image at shape (1, 3, 512, 640)
Results saved to [1m/home/students/cs/greenery/server/app/static/predict109[0m
222.116.135.162 - - [27/Jan/2024 08:56:43] "POST /predict HTTP/1.1" 200 -
CLASS: ìº”ë¥˜ 
0: 512x640 (no detections), 15.7ms
Speed: 4.3ms preprocess, 15.7ms inference, 4.5ms postprocess per image at shape (1, 3, 512, 640)
Results saved to [1m/home/students/cs/greenery/server/app/static/predict110[0m
222.116.135.162 - - [27/Jan/2024 08:56:57] "POST /predict HTTP/1.1" 200 -

0: 512x640 1 ë…¸íŠ¸, 9.1ms
Speed: 3.6ms preprocess, 9.1ms inference, 2.0ms postprocess per image at shape (1, 3, 512, 640)
Results saved to [1m/home/students/cs/greenery/server/app/static/predict111[0m
222.116.135.162 - - [27/Jan/2024 08:57:37] "POST /predict HTTP/1.1" 200 -
CLASS: ì¢…ì´ë¥˜ 

0: 512x640 (no detections), 20.2ms
Speed: 6.0ms preprocess, 20.2ms inference, 4.5ms postprocess per image at shape (1, 3, 512, 640)
Results saved to [1m/home/students/cs/greenery/server/app/static/predict112[0m
222.116.135.162 - - [27/Jan/2024 08:58:34] "POST /predict HTTP/1.1" 200 -
0: 512x640 (no detections), 18.0ms
Speed: 6.5ms preprocess, 18.0ms inference, 4.5ms postprocess per image at shape (1, 3, 512, 640)
Results saved to [1m/home/students/cs/greenery/server/app/static/predict113[0m
222.116.135.162 - - [27/Jan/2024 08:58:53] "POST /predict HTTP/1.1" 200 -
211.231.103.107 - - [27/Jan/2024 17:58:13] "GET / HTTP/1.1" 404 -
27.0.238.186 - - [27/Jan/2024 17:58:16] "GET /predict HTTP/1.1" 500 -
Traceback (most recent call last):
  File "/home/students/cs/greenery/.local/lib/python3.10/site-packages/flask/app.py", line 1488, in __call__
    return self.wsgi_app(environ, start_response)
  File "/home/students/cs/greenery/.local/lib/python3.10/site-packages/flask/app.py", line 1466, in wsgi_app
    response = self.handle_exception(e)
  File "/home/students/cs/greenery/.local/lib/python3.10/site-packages/flask/app.py", line 1463, in wsgi_app
    response = self.full_dispatch_request()
  File "/home/students/cs/greenery/.local/lib/python3.10/site-packages/flask/app.py", line 872, in full_dispatch_request
    rv = self.handle_user_exception(e)
  File "/home/students/cs/greenery/.local/lib/python3.10/site-packages/flask/app.py", line 870, in full_dispatch_request
    rv = self.dispatch_request()
  File "/home/students/cs/greenery/.local/lib/python3.10/site-packages/flask/app.py", line 855, in dispatch_request
    return self.ensure_sync(self.view_functions[rule.endpoint])(**view_args)  # type: ignore[no-any-return]
  File "/home/students/cs/greenery/server/app/routes/classification.py", line 11, in _predict
    f = request.files["file"]
  File "/home/students/cs/greenery/.local/lib/python3.10/site-packages/flask/debughelpers.py", line 93, in __getitem__
    return super().__getitem__(key)
  File "/home/students/cs/greenery/.local/lib/python3.10/site-packages/werkzeug/datastructures/structures.py", line 192, in __getitem__
    raise exceptions.BadRequestKeyError(key)
werkzeug.exceptions.BadRequestKeyError: 400 Bad Request: The browser (or proxy) sent a request that this server could not understand.
KeyError: 'file'

0: 512x640 (no detections), 9.9ms
Speed: 4.0ms preprocess, 9.9ms inference, 0.6ms postprocess per image at shape (1, 3, 512, 640)
Results saved to [1m/home/students/cs/greenery/server/app/static/predict114[0m
222.116.135.162 - - [27/Jan/2024 19:13:22] "POST /predict HTTP/1.1" 200 -

0: 512x640 1 ì»¤í”¼ìº”, 20.3ms
Speed: 6.5ms preprocess, 20.3ms inference, 11.4ms postprocess per image at shape (1, 3, 512, 640)
Results saved to [1m/home/students/cs/greenery/server/app/static/predict115[0m
222.116.135.162 - - [27/Jan/2024 19:13:33] "POST /predict HTTP/1.1" 200 -
CLASS: ìº”ë¥˜ 
0: 512x640 1 ì»¤í”¼ìº”, 18.0ms
Speed: 4.4ms preprocess, 18.0ms inference, 11.4ms postprocess per image at shape (1, 3, 512, 640)
Results saved to [1m/home/students/cs/greenery/server/app/static/predict116[0m
222.116.135.162 - - [27/Jan/2024 19:13:46] "POST /predict HTTP/1.1" 200 -
 * Detected change in '/home/students/cs/greenery/server/config.py', reloading
CLASS: ìº”ë¥˜  * Restarting with stat
 * Debugger is active!
 * Debugger PIN: 813-568-075

0: 512x640 1 í˜íŠ¸ë³‘, 21.9ms
Speed: 4.4ms preprocess, 21.9ms inference, 2.0ms postprocess per image at shape (1, 3, 512, 640)
Results saved to [1m/home/students/cs/greenery/server/app/static/predict117[0m
222.116.135.162 - - [27/Jan/2024 19:22:52] "POST /predict HTTP/1.1" 200 -
CLASS: í˜íŠ¸ë³‘ 
0: 512x640 (no detections), 11.6ms
Speed: 4.4ms preprocess, 11.6ms inference, 0.6ms postprocess per image at shape (1, 3, 512, 640)
Results saved to [1m/home/students/cs/greenery/server/app/static/predict118[0m
222.116.135.162 - - [27/Jan/2024 19:23:21] "POST /predict HTTP/1.1" 200 -

0: 512x640 (no detections), 9.9ms
Speed: 3.0ms preprocess, 9.9ms inference, 0.7ms postprocess per image at shape (1, 3, 512, 640)
Results saved to [1m/home/students/cs/greenery/server/app/static/predict119[0m
222.116.135.162 - - [27/Jan/2024 19:23:46] "POST /predict HTTP/1.1" 200 -

0: 512x640 1 ì»¤í”¼ìº”, 29.0ms
Speed: 17.0ms preprocess, 29.0ms inference, 3.4ms postprocess per image at shape (1, 3, 512, 640)
Results saved to [1m/home/students/cs/greenery/server/app/static/predict120[0m
222.116.135.162 - - [27/Jan/2024 19:25:15] "POST /predict HTTP/1.1" 200 -
CLASS: ìº”ë¥˜ 
0: 512x640 1 ì»¤í”¼ìº”, 18.0ms
Speed: 4.4ms preprocess, 18.0ms inference, 11.3ms postprocess per image at shape (1, 3, 512, 640)
Results saved to [1m/home/students/cs/greenery/server/app/static/predict121[0m
222.116.135.162 - - [27/Jan/2024 19:25:34] "POST /predict HTTP/1.1" 200 -
 * Detected change in '/home/students/cs/greenery/server/config.py', reloading
CLASS: ìº”ë¥˜  * Restarting with stat
 * Debugger is active!
 * Debugger PIN: 813-568-075

0: 480x640 1 {'ìŒë£Œìˆ˜ìº”': None}, 11.2ms
Speed: 6.5ms preprocess, 11.2ms inference, 11.4ms postprocess per image at shape (1, 3, 480, 640)
Results saved to [1m/home/students/cs/greenery/server/app/static/predict[0m
222.116.135.162 - - [27/Jan/2024 19:29:05] "POST /predict HTTP/1.1" 500 -
Traceback (most recent call last):
  File "/home/students/cs/greenery/.local/lib/python3.10/site-packages/flask/app.py", line 1488, in __call__
    return self.wsgi_app(environ, start_response)
  File "/home/students/cs/greenery/.local/lib/python3.10/site-packages/flask/app.py", line 1466, in wsgi_app
    response = self.handle_exception(e)
  File "/home/students/cs/greenery/.local/lib/python3.10/site-packages/flask/app.py", line 1463, in wsgi_app
    response = self.full_dispatch_request()
  File "/home/students/cs/greenery/.local/lib/python3.10/site-packages/flask/app.py", line 872, in full_dispatch_request
    rv = self.handle_user_exception(e)
  File "/home/students/cs/greenery/.local/lib/python3.10/site-packages/flask/app.py", line 870, in full_dispatch_request
    rv = self.dispatch_request()
  File "/home/students/cs/greenery/.local/lib/python3.10/site-packages/flask/app.py", line 855, in dispatch_request
    return self.ensure_sync(self.view_functions[rule.endpoint])(**view_args)  # type: ignore[no-any-return]
  File "/home/students/cs/greenery/server/app/routes/classification.py", line 19, in _predict
    print(f"CLASS: {YOLO.CLASS_MAIN_CATEGORY[result.names[int(i)]]}", end=" ")
KeyError: "{'ìŒë£Œìˆ˜ìº”': None}"
 * Detected change in '/home/students/cs/greenery/server/app/routes/classification.py', reloading
 * Restarting with stat
 * Debugger is active!
 * Debugger PIN: 813-568-075

0: 480x640 1 ì»¤í”¼ìº”, 8.9ms
Speed: 6.5ms preprocess, 8.9ms inference, 11.4ms postprocess per image at shape (1, 3, 480, 640)
Results saved to [1m/home/students/cs/greenery/server/app/static/predict2[0m
222.116.135.162 - - [27/Jan/2024 19:30:15] "POST /predict HTTP/1.1" 200 -


0: 480x640 1 í˜íŠ¸ë³‘, 24.1ms
Speed: 5.9ms preprocess, 24.1ms inference, 27.2ms postprocess per image at shape (1, 3, 480, 640)
Results saved to [1m/home/students/cs/greenery/server/app/static/predict3[0m
222.116.135.162 - - [27/Jan/2024 19:38:36] "POST /predict HTTP/1.1" 200 -
0: 480x640 1 í˜íŠ¸ë³‘, 9.0ms
Speed: 4.4ms preprocess, 9.0ms inference, 11.3ms postprocess per image at shape (1, 3, 480, 640)
Results saved to [1m/home/students/cs/greenery/server/app/static/predict3[0m
222.116.135.162 - - [27/Jan/2024 19:38:37] "POST /predict HTTP/1.1" 200 -

0: 480x640 1 {'ìŒë£Œìˆ˜ìº”': None}, 11.2ms
Speed: 4.4ms preprocess, 11.2ms inference, 11.3ms postprocess per image at shape (1, 3, 480, 640)
Results saved to [1m/home/students/cs/greenery/server/app/static/predict4[0m
222.116.135.162 - - [27/Jan/2024 19:39:05] "POST /predict HTTP/1.1" 200 -

0: 480x640 1 í˜íŠ¸ë³‘, 1 {'ìŒë£Œìˆ˜ìº”': None}, 11.8ms
Speed: 4.3ms preprocess, 11.8ms inference, 1.5ms postprocess per image at shape (1, 3, 480, 640)
Results saved to [1m/home/students/cs/greenery/server/app/static/predict5[0m
222.116.135.162 - - [27/Jan/2024 19:39:15] "POST /predict HTTP/1.1" 200 -
 * Detected change in '/home/students/cs/greenery/server/app/routes/classification.py', reloading
 * Restarting with stat
 * Debugger is active!
 * Debugger PIN: 813-568-075

0: 480x640 1 {'ìŒë£Œìˆ˜ìº”': None}, 9.0ms
Speed: 6.7ms preprocess, 9.0ms inference, 11.4ms postprocess per image at shape (1, 3, 480, 640)
Results saved to [1m/home/students/cs/greenery/server/app/static/predict6[0m
222.116.135.162 - - [27/Jan/2024 19:40:51] "POST /predict HTTP/1.1" 200 -
 * Detected change in '/home/students/cs/greenery/server/YOLOPredict.py', reloading
[ultralytics.engine.results.Results object with attributes:

boxes: ultralytics.engine.results.Boxes object
keypoints: None
masks: None
names: {0: 'ë°¥ìƒ', 1: 'ì„œëì¥', 2: 'ì†ŒíŒŒ', 3: 'ìˆ˜ë‚©ì¥', 4: 'ì‹±í¬ëŒ€', 5: 'ì˜ì', 6: 'ì¥ë¡±', 7: 'ì±…ìƒ', 8: 'ì¹¨ëŒ€', 9: 'í˜‘íƒ', 10: 'í™”ì¥ëŒ€', 11: 'ë°”êµ¬ë‹ˆ', 12: 'ë‘ë°œìì „ê±°', 13: 'ëŒ€ìš©ëŸ‰í”Œë¼ìŠ¤í‹±', 14: 'ë…¸íŠ¸', 15: 'ì»¤í”¼ìº”', 16: 'í¬ì¥ì œ', 17: 'ë§¥ì£¼ìº”', 18: 'í˜íŠ¸ë³‘', 19: 'ì¼íšŒìš©ìŒë£Œìˆ˜ì”', 20: 'ìŒë£Œìˆ˜ê³½', 21: 'ë°€íìš©ê¸°', 22: 'ìƒìë¥˜', 23: 'ì†Œì£¼ë³‘', 24: 'í†µì¡°ë¦¼ìº”', 25: 'í™”ë¶„', 26: 'ìš•ì‹¤ìš©í’ˆ', 27: 'ì•¡ì', 28: "{'TV': None}", 29: "{'ìŠ¤í‹°ë¡œí¼': None}", 30: 'ë„¤ë°œìì „ê±°', 31: "{'ë´‰íˆ¬': None}", 32: "{'ì—ì–´ìº¡': None}", 33: "{'ê¸°íƒ€': None}", 34: "{'ìŒë£Œìˆ˜ìº”': None}", 35: "{'í¬ì¥ìƒì': None}", 36: "{'ê³ ì² ': None}", 37: 'í•­ì•„ë¦¬', 38: "{'ì‹ ë¬¸ì§€': None}", 39: "{'ì„ í’ê¸°': None}", 40: 'ì´ë™ì „í™”ë‹¨ë§ê¸°', 41: 'ì „ê¸°ë°¥ì†¥'}
obb: None
orig_img: array([[[ 77,  91,  97],
        [ 79,  93,  99],
        [ 76,  90,  96],
        ...,
        [ 89, 109, 127],
        [ 98, 118, 136],
        [104, 124, 142]],

       [[ 77,  91,  97],
        [ 80,  94, 100],
        [ 74,  88,  94],
        ...,
        [ 88, 105, 124],
        [102, 119, 138],
        [103, 120, 139]],

       [[ 80,  94, 100],
        [ 79,  93,  99],
        [ 75,  89,  95],
        ...,
        [ 92, 109, 128],
        [100, 117, 136],
        [ 95, 112, 131]],

       ...,

       [[192, 161, 136],
        [190, 159, 134],
        [190, 159, 134],
        ...,
        [138, 164, 178],
        [132, 158, 172],
        [116, 142, 156]],

       [[178, 147, 122],
        [191, 160, 135],
        [221, 190, 165],
        ...,
        [130, 156, 170],
        [129, 155, 169],
        [142, 168, 182]],

       [[180, 149, 124],
        [187, 156, 131],
        [201, 170, 145],
        ...,
        [113, 139, 153],
        [126, 152, 166],
        [135, 161, 175]]], dtype=uint8)
orig_shape: (3000, 4000)
path: '/home/students/cs/greenery/server/app/static/test1.jpg'
probs: None
save_dir: '/home/students/cs/greenery/server/app/static/predict6'
speed: {'preprocess': 6.695270538330078, 'inference': 8.953094482421875, 'postprocess': 11.352062225341797}]
 * Restarting with stat
 * Debugger is active!
 * Debugger PIN: 813-568-075

0: 480x640 (no detections), 39.5ms
Speed: 5.7ms preprocess, 39.5ms inference, 4.6ms postprocess per image at shape (1, 3, 480, 640)
Results saved to [1m/home/students/cs/greenery/server/app/static/predict7[0m
222.116.135.162 - - [27/Jan/2024 19:41:51] "POST /predict HTTP/1.1" 200 -
[ultralytics.engine.results.Results object with attributes:

boxes: ultralytics.engine.results.Boxes object
keypoints: None
masks: None
names: {0: 'ë°¥ìƒ', 1: 'ì„œëì¥', 2: 'ì†ŒíŒŒ', 3: 'ìˆ˜ë‚©ì¥', 4: 'ì‹±í¬ëŒ€', 5: 'ì˜ì', 6: 'ì¥ë¡±', 7: 'ì±…ìƒ', 8: 'ì¹¨ëŒ€', 9: 'í˜‘íƒ', 10: 'í™”ì¥ëŒ€', 11: 'ë°”êµ¬ë‹ˆ', 12: 'ë‘ë°œìì „ê±°', 13: 'ëŒ€ìš©ëŸ‰í”Œë¼ìŠ¤í‹±', 14: 'ë…¸íŠ¸', 15: 'ì»¤í”¼ìº”', 16: 'í¬ì¥ì œ', 17: 'ë§¥ì£¼ìº”', 18: 'í˜íŠ¸ë³‘', 19: 'ì¼íšŒìš©ìŒë£Œìˆ˜ì”', 20: 'ìŒë£Œìˆ˜ê³½', 21: 'ë°€íìš©ê¸°', 22: 'ìƒìë¥˜', 23: 'ì†Œì£¼ë³‘', 24: 'í†µì¡°ë¦¼ìº”', 25: 'í™”ë¶„', 26: 'ìš•ì‹¤ìš©í’ˆ', 27: 'ì•¡ì', 28: "{'TV': None}", 29: "{'ìŠ¤í‹°ë¡œí¼': None}", 30: 'ë„¤ë°œìì „ê±°', 31: "{'ë´‰íˆ¬': None}", 32: "{'ì—ì–´ìº¡': None}", 33: "{'ê¸°íƒ€': None}", 34: "{'ìŒë£Œìˆ˜ìº”': None}", 35: "{'í¬ì¥ìƒì': None}", 36: "{'ê³ ì² ': None}", 37: 'í•­ì•„ë¦¬', 38: "{'ì‹ ë¬¸ì§€': None}", 39: "{'ì„ í’ê¸°': None}", 40: 'ì´ë™ì „í™”ë‹¨ë§ê¸°', 41: 'ì „ê¸°ë°¥ì†¥'}
obb: None
orig_img: array([[[ 54,  49,  48],
        [ 57,  52,  51],
        [ 52,  47,  46],
        ...,
        [119, 151, 170],
        [144, 176, 195],
        [131, 163, 182]],

       [[ 57,  52,  51],
        [ 55,  50,  49],
        [ 52,  47,  46],
        ...,
        [126, 158, 177],
        [136, 168, 187],
        [120, 152, 171]],

       [[ 56,  51,  50],
        [ 53,  48,  47],
        [ 52,  47,  46],
        ...,
        [123, 155, 174],
        [131, 163, 182],
        [116, 148, 167]],

       ...,

       [[214, 190, 168],
        [212, 188, 166],
        [204, 180, 158],
        ...,
        [ 99, 131, 154],
        [109, 141, 164],
        [123, 155, 178]],

       [[200, 176, 154],
        [203, 179, 157],
        [207, 183, 161],
        ...,
        [111, 143, 166],
        [115, 147, 170],
        [120, 152, 175]],

       [[204, 180, 158],
        [205, 181, 159],
        [207, 183, 161],
        ...,
        [110, 142, 165],
        [114, 146, 169],
        [121, 153, 176]]], dtype=uint8)
orig_shape: (3000, 4000)
path: '/home/students/cs/greenery/server/app/static/test1.jpg'
probs: None
save_dir: '/home/students/cs/greenery/server/app/static/predict7'
speed: {'preprocess': 5.668401718139648, 'inference': 39.465904235839844, 'postprocess': 4.571437835693359}]

0: 480x640 1 {'ìŒë£Œìˆ˜ìº”': None}, 18.1ms
Speed: 4.4ms preprocess, 18.1ms inference, 11.4ms postprocess per image at shape (1, 3, 480, 640)
Results saved to [1m/home/students/cs/greenery/server/app/static/predict8[0m
222.116.135.162 - - [27/Jan/2024 19:42:02] "POST /predict HTTP/1.1" 200 -
 * Detected change in '/home/students/cs/greenery/server/app/routes/classification.py', reloading
[ultralytics.engine.results.Results object with attributes:

boxes: ultralytics.engine.results.Boxes object
keypoints: None
masks: None
names: {0: 'ë°¥ìƒ', 1: 'ì„œëì¥', 2: 'ì†ŒíŒŒ', 3: 'ìˆ˜ë‚©ì¥', 4: 'ì‹±í¬ëŒ€', 5: 'ì˜ì', 6: 'ì¥ë¡±', 7: 'ì±…ìƒ', 8: 'ì¹¨ëŒ€', 9: 'í˜‘íƒ', 10: 'í™”ì¥ëŒ€', 11: 'ë°”êµ¬ë‹ˆ', 12: 'ë‘ë°œìì „ê±°', 13: 'ëŒ€ìš©ëŸ‰í”Œë¼ìŠ¤í‹±', 14: 'ë…¸íŠ¸', 15: 'ì»¤í”¼ìº”', 16: 'í¬ì¥ì œ', 17: 'ë§¥ì£¼ìº”', 18: 'í˜íŠ¸ë³‘', 19: 'ì¼íšŒìš©ìŒë£Œìˆ˜ì”', 20: 'ìŒë£Œìˆ˜ê³½', 21: 'ë°€íìš©ê¸°', 22: 'ìƒìë¥˜', 23: 'ì†Œì£¼ë³‘', 24: 'í†µì¡°ë¦¼ìº”', 25: 'í™”ë¶„', 26: 'ìš•ì‹¤ìš©í’ˆ', 27: 'ì•¡ì', 28: "{'TV': None}", 29: "{'ìŠ¤í‹°ë¡œí¼': None}", 30: 'ë„¤ë°œìì „ê±°', 31: "{'ë´‰íˆ¬': None}", 32: "{'ì—ì–´ìº¡': None}", 33: "{'ê¸°íƒ€': None}", 34: "{'ìŒë£Œìˆ˜ìº”': None}", 35: "{'í¬ì¥ìƒì': None}", 36: "{'ê³ ì² ': None}", 37: 'í•­ì•„ë¦¬', 38: "{'ì‹ ë¬¸ì§€': None}", 39: "{'ì„ í’ê¸°': None}", 40: 'ì´ë™ì „í™”ë‹¨ë§ê¸°', 41: 'ì „ê¸°ë°¥ì†¥'}
obb: None
orig_img: array([[[220, 200, 169],
        [217, 197, 166],
        [220, 200, 169],
        ...,
        [ 54,  91, 119],
        [ 90, 127, 155],
        [100, 137, 165]],

       [[219, 199, 168],
        [222, 202, 171],
        [220, 200, 169],
        ...,
        [ 81, 118, 146],
        [101, 138, 166],
        [100, 137, 165]],

       [[226, 206, 175],
        [221, 201, 170],
        [222, 202, 171],
        ...,
        [104, 141, 169],
        [103, 140, 168],
        [ 94, 131, 159]],

       ...,

       [[123, 120, 122],
        [107, 104, 106],
        [113, 110, 112],
        ...,
        [128, 163, 189],
        [126, 161, 187],
        [123, 158, 184]],

       [[124, 121, 123],
        [107, 104, 106],
        [114, 111, 113],
        ...,
        [131, 166, 192],
        [135, 170, 196],
        [136, 171, 197]],

       [[129, 126, 128],
        [100,  97,  99],
        [110, 107, 109],
        ...,
        [122, 157, 183],
        [132, 167, 193],
        [139, 174, 200]]], dtype=uint8)
orig_shape: (3000, 4000)
path: '/home/students/cs/greenery/server/app/static/test1.jpg'
probs: None
save_dir: '/home/students/cs/greenery/server/app/static/predict8'
speed: {'preprocess': 4.373311996459961, 'inference': 18.059253692626953, 'postprocess': 11.384963989257812}]
 * Restarting with stat
 * Debugger is active!
 * Debugger PIN: 813-568-075

0: 480x640 1 {'ìŒë£Œìˆ˜ìº”': None}, 23.1ms
Speed: 4.5ms preprocess, 23.1ms inference, 26.0ms postprocess per image at shape (1, 3, 480, 640)
Results saved to [1m/home/students/cs/greenery/server/app/static/predict9[0m
222.116.135.162 - - [27/Jan/2024 19:43:45] "POST /predict HTTP/1.1" 200 -
 * Detected change in '/home/students/cs/greenery/server/app/routes/classification.py', reloading
[ultralytics.engine.results.Results object with attributes:

boxes: ultralytics.engine.results.Boxes object
keypoints: None
masks: None
names: {0: 'ë°¥ìƒ', 1: 'ì„œëì¥', 2: 'ì†ŒíŒŒ', 3: 'ìˆ˜ë‚©ì¥', 4: 'ì‹±í¬ëŒ€', 5: 'ì˜ì', 6: 'ì¥ë¡±', 7: 'ì±…ìƒ', 8: 'ì¹¨ëŒ€', 9: 'í˜‘íƒ', 10: 'í™”ì¥ëŒ€', 11: 'ë°”êµ¬ë‹ˆ', 12: 'ë‘ë°œìì „ê±°', 13: 'ëŒ€ìš©ëŸ‰í”Œë¼ìŠ¤í‹±', 14: 'ë…¸íŠ¸', 15: 'ì»¤í”¼ìº”', 16: 'í¬ì¥ì œ', 17: 'ë§¥ì£¼ìº”', 18: 'í˜íŠ¸ë³‘', 19: 'ì¼íšŒìš©ìŒë£Œìˆ˜ì”', 20: 'ìŒë£Œìˆ˜ê³½', 21: 'ë°€íìš©ê¸°', 22: 'ìƒìë¥˜', 23: 'ì†Œì£¼ë³‘', 24: 'í†µì¡°ë¦¼ìº”', 25: 'í™”ë¶„', 26: 'ìš•ì‹¤ìš©í’ˆ', 27: 'ì•¡ì', 28: "{'TV': None}", 29: "{'ìŠ¤í‹°ë¡œí¼': None}", 30: 'ë„¤ë°œìì „ê±°', 31: "{'ë´‰íˆ¬': None}", 32: "{'ì—ì–´ìº¡': None}", 33: "{'ê¸°íƒ€': None}", 34: "{'ìŒë£Œìˆ˜ìº”': None}", 35: "{'í¬ì¥ìƒì': None}", 36: "{'ê³ ì² ': None}", 37: 'í•­ì•„ë¦¬', 38: "{'ì‹ ë¬¸ì§€': None}", 39: "{'ì„ í’ê¸°': None}", 40: 'ì´ë™ì „í™”ë‹¨ë§ê¸°', 41: 'ì „ê¸°ë°¥ì†¥'}
obb: None
orig_img: array([[[ 47,  57,  64],
        [ 50,  60,  67],
        [ 48,  58,  65],
        ...,
        [144, 164, 182],
        [142, 162, 180],
        [144, 164, 182]],

       [[ 53,  63,  70],
        [ 50,  60,  67],
        [ 49,  59,  66],
        ...,
        [142, 162, 180],
        [145, 165, 183],
        [145, 165, 183]],

       [[ 55,  65,  72],
        [ 52,  62,  69],
        [ 50,  60,  67],
        ...,
        [140, 160, 178],
        [146, 166, 184],
        [145, 165, 183]],

       ...,

       [[162, 143, 135],
        [170, 151, 143],
        [166, 147, 139],
        ...,
        [119, 146, 167],
        [124, 151, 172],
        [136, 163, 184]],

       [[210, 191, 183],
        [177, 158, 150],
        [161, 142, 134],
        ...,
        [125, 152, 173],
        [135, 162, 183],
        [137, 164, 185]],

       [[211, 192, 184],
        [154, 135, 127],
        [156, 137, 129],
        ...,
        [136, 163, 184],
        [137, 164, 185],
        [129, 156, 177]]], dtype=uint8)
orig_shape: (3000, 4000)
path: '/home/students/cs/greenery/server/app/static/test1.jpg'
probs: None
save_dir: '/home/students/cs/greenery/server/app/static/predict9'
speed: {'preprocess': 4.50587272644043, 'inference': 23.12469482421875, 'postprocess': 26.005268096923828}]
 * Restarting with stat
 * Debugger is active!
 * Debugger PIN: 813-568-075
 * Detected change in '/home/students/cs/greenery/server/app/routes/classification.py', reloading
start
 * Restarting with stat
 * Debugger is active!
 * Debugger PIN: 813-568-075

0: 480x640 1 {'ìŒë£Œìˆ˜ìº”': None}, 26.9ms
Speed: 5.3ms preprocess, 26.9ms inference, 11.4ms postprocess per image at shape (1, 3, 480, 640)
Results saved to [1m/home/students/cs/greenery/server/app/static/predict10[0m
222.116.135.162 - - [27/Jan/2024 19:44:40] "POST /predict HTTP/1.1" 200 -
222.116.135.162 - - [27/Jan/2024 19:45:10] "POST /chat HTTP/1.1" 200 -
[ultralytics.engine.results.Results object with attributes:

boxes: ultralytics.engine.results.Boxes object
keypoints: None
masks: None
names: {0: 'ë°¥ìƒ', 1: 'ì„œëì¥', 2: 'ì†ŒíŒŒ', 3: 'ìˆ˜ë‚©ì¥', 4: 'ì‹±í¬ëŒ€', 5: 'ì˜ì', 6: 'ì¥ë¡±', 7: 'ì±…ìƒ', 8: 'ì¹¨ëŒ€', 9: 'í˜‘íƒ', 10: 'í™”ì¥ëŒ€', 11: 'ë°”êµ¬ë‹ˆ', 12: 'ë‘ë°œìì „ê±°', 13: 'ëŒ€ìš©ëŸ‰í”Œë¼ìŠ¤í‹±', 14: 'ë…¸íŠ¸', 15: 'ì»¤í”¼ìº”', 16: 'í¬ì¥ì œ', 17: 'ë§¥ì£¼ìº”', 18: 'í˜íŠ¸ë³‘', 19: 'ì¼íšŒìš©ìŒë£Œìˆ˜ì”', 20: 'ìŒë£Œìˆ˜ê³½', 21: 'ë°€íìš©ê¸°', 22: 'ìƒìë¥˜', 23: 'ì†Œì£¼ë³‘', 24: 'í†µì¡°ë¦¼ìº”', 25: 'í™”ë¶„', 26: 'ìš•ì‹¤ìš©í’ˆ', 27: 'ì•¡ì', 28: "{'TV': None}", 29: "{'ìŠ¤í‹°ë¡œí¼': None}", 30: 'ë„¤ë°œìì „ê±°', 31: "{'ë´‰íˆ¬': None}", 32: "{'ì—ì–´ìº¡': None}", 33: "{'ê¸°íƒ€': None}", 34: "{'ìŒë£Œìˆ˜ìº”': None}", 35: "{'í¬ì¥ìƒì': None}", 36: "{'ê³ ì² ': None}", 37: 'í•­ì•„ë¦¬', 38: "{'ì‹ ë¬¸ì§€': None}", 39: "{'ì„ í’ê¸°': None}", 40: 'ì´ë™ì „í™”ë‹¨ë§ê¸°', 41: 'ì „ê¸°ë°¥ì†¥'}
obb: None
orig_img: array([[[246, 214, 178],
        [242, 210, 174],
        [237, 205, 169],
        ...,
        [148, 178, 197],
        [146, 176, 195],
        [146, 176, 195]],

       [[246, 214, 178],
        [245, 213, 177],
        [241, 209, 173],
        ...,
        [145, 175, 194],
        [146, 176, 195],
        [146, 176, 195]],

       [[244, 212, 176],
        [245, 213, 177],
        [242, 210, 174],
        ...,
        [145, 175, 194],
        [141, 171, 190],
        [133, 163, 182]],

       ...,

       [[178, 159, 146],
        [180, 161, 148],
        [179, 160, 147],
        ...,
        [123, 158, 184],
        [116, 151, 177],
        [126, 161, 187]],

       [[182, 163, 150],
        [192, 173, 160],
        [182, 163, 150],
        ...,
        [115, 150, 176],
        [110, 145, 171],
        [120, 155, 181]],

       [[177, 158, 145],
        [200, 181, 168],
        [182, 163, 150],
        ...,
        [ 97, 132, 158],
        [117, 152, 178],
        [125, 160, 186]]], dtype=uint8)
orig_shape: (3000, 4000)
path: '/home/students/cs/greenery/server/app/static/test1.jpg'
probs: None
save_dir: '/home/students/cs/greenery/server/app/static/predict10'
speed: {'preprocess': 5.289554595947266, 'inference': 26.949167251586914, 'postprocess': 11.381864547729492}]
{'ìŒë£Œìˆ˜ìº”': None}
start

0: 480x640 1 {'ìŒë£Œìˆ˜ìº”': None}, 20.1ms
Speed: 4.4ms preprocess, 20.1ms inference, 11.3ms postprocess per image at shape (1, 3, 480, 640)
Results saved to [1m/home/students/cs/greenery/server/app/static/predict11[0m
222.116.135.162 - - [27/Jan/2024 19:49:39] "POST /predict HTTP/1.1" 200 -
 * Detected change in '/home/students/cs/greenery/server/app/routes/classification.py', reloading
[ultralytics.engine.results.Results object with attributes:

boxes: ultralytics.engine.results.Boxes object
keypoints: None
masks: None
names: {0: 'ë°¥ìƒ', 1: 'ì„œëì¥', 2: 'ì†ŒíŒŒ', 3: 'ìˆ˜ë‚©ì¥', 4: 'ì‹±í¬ëŒ€', 5: 'ì˜ì', 6: 'ì¥ë¡±', 7: 'ì±…ìƒ', 8: 'ì¹¨ëŒ€', 9: 'í˜‘íƒ', 10: 'í™”ì¥ëŒ€', 11: 'ë°”êµ¬ë‹ˆ', 12: 'ë‘ë°œìì „ê±°', 13: 'ëŒ€ìš©ëŸ‰í”Œë¼ìŠ¤í‹±', 14: 'ë…¸íŠ¸', 15: 'ì»¤í”¼ìº”', 16: 'í¬ì¥ì œ', 17: 'ë§¥ì£¼ìº”', 18: 'í˜íŠ¸ë³‘', 19: 'ì¼íšŒìš©ìŒë£Œìˆ˜ì”', 20: 'ìŒë£Œìˆ˜ê³½', 21: 'ë°€íìš©ê¸°', 22: 'ìƒìë¥˜', 23: 'ì†Œì£¼ë³‘', 24: 'í†µì¡°ë¦¼ìº”', 25: 'í™”ë¶„', 26: 'ìš•ì‹¤ìš©í’ˆ', 27: 'ì•¡ì', 28: "{'TV': None}", 29: "{'ìŠ¤í‹°ë¡œí¼': None}", 30: 'ë„¤ë°œìì „ê±°', 31: "{'ë´‰íˆ¬': None}", 32: "{'ì—ì–´ìº¡': None}", 33: "{'ê¸°íƒ€': None}", 34: "{'ìŒë£Œìˆ˜ìº”': None}", 35: "{'í¬ì¥ìƒì': None}", 36: "{'ê³ ì² ': None}", 37: 'í•­ì•„ë¦¬', 38: "{'ì‹ ë¬¸ì§€': None}", 39: "{'ì„ í’ê¸°': None}", 40: 'ì´ë™ì „í™”ë‹¨ë§ê¸°', 41: 'ì „ê¸°ë°¥ì†¥'}
obb: None
orig_img: array([[[ 63,  48,  39],
        [ 61,  46,  37],
        [ 53,  38,  29],
        ...,
        [151, 178, 199],
        [141, 167, 191],
        [125, 151, 175]],

       [[ 67,  52,  43],
        [ 65,  50,  41],
        [ 57,  42,  33],
        ...,
        [142, 169, 190],
        [119, 145, 169],
        [125, 151, 175]],

       [[ 67,  52,  43],
        [ 66,  51,  42],
        [ 60,  45,  36],
        ...,
        [142, 169, 190],
        [121, 147, 171],
        [127, 153, 177]],

       ...,

       [[104,  88,  46],
        [107,  91,  49],
        [103,  87,  45],
        ...,
        [134, 171, 193],
        [136, 170, 193],
        [137, 172, 192]],

       [[ 96,  79,  40],
        [101,  84,  45],
        [ 97,  81,  39],
        ...,
        [139, 173, 196],
        [146, 181, 201],
        [144, 179, 199]],

       [[ 95,  78,  39],
        [ 95,  78,  39],
        [ 92,  75,  36],
        ...,
        [144, 178, 201],
        [142, 177, 197],
        [143, 176, 196]]], dtype=uint8)
orig_shape: (3000, 4000)
path: '/home/students/cs/greenery/server/app/static/test1.jpg'
probs: None
save_dir: '/home/students/cs/greenery/server/app/static/predict11'
speed: {'preprocess': 4.368305206298828, 'inference': 20.113468170166016, 'postprocess': 11.253595352172852}]
{'ìŒë£Œìˆ˜ìº”': None}
 * Restarting with stat
 * Debugger is active!
 * Debugger PIN: 813-568-075

0: 480x640 1 {'ìŒë£Œìˆ˜ìº”': None}, 27.1ms
Speed: 6.7ms preprocess, 27.1ms inference, 11.4ms postprocess per image at shape (1, 3, 480, 640)
Results saved to [1m/home/students/cs/greenery/server/app/static/predict12[0m
222.116.135.162 - - [27/Jan/2024 19:50:18] "POST /predict HTTP/1.1" 200 -
 * Detected change in '/home/students/cs/greenery/server/app/routes/classification.py', reloading
[ultralytics.engine.results.Results object with attributes:

boxes: ultralytics.engine.results.Boxes object
keypoints: None
masks: None
names: {0: 'ë°¥ìƒ', 1: 'ì„œëì¥', 2: 'ì†ŒíŒŒ', 3: 'ìˆ˜ë‚©ì¥', 4: 'ì‹±í¬ëŒ€', 5: 'ì˜ì', 6: 'ì¥ë¡±', 7: 'ì±…ìƒ', 8: 'ì¹¨ëŒ€', 9: 'í˜‘íƒ', 10: 'í™”ì¥ëŒ€', 11: 'ë°”êµ¬ë‹ˆ', 12: 'ë‘ë°œìì „ê±°', 13: 'ëŒ€ìš©ëŸ‰í”Œë¼ìŠ¤í‹±', 14: 'ë…¸íŠ¸', 15: 'ì»¤í”¼ìº”', 16: 'í¬ì¥ì œ', 17: 'ë§¥ì£¼ìº”', 18: 'í˜íŠ¸ë³‘', 19: 'ì¼íšŒìš©ìŒë£Œìˆ˜ì”', 20: 'ìŒë£Œìˆ˜ê³½', 21: 'ë°€íìš©ê¸°', 22: 'ìƒìë¥˜', 23: 'ì†Œì£¼ë³‘', 24: 'í†µì¡°ë¦¼ìº”', 25: 'í™”ë¶„', 26: 'ìš•ì‹¤ìš©í’ˆ', 27: 'ì•¡ì', 28: "{'TV': None}", 29: "{'ìŠ¤í‹°ë¡œí¼': None}", 30: 'ë„¤ë°œìì „ê±°', 31: "{'ë´‰íˆ¬': None}", 32: "{'ì—ì–´ìº¡': None}", 33: "{'ê¸°íƒ€': None}", 34: "{'ìŒë£Œìˆ˜ìº”': None}", 35: "{'í¬ì¥ìƒì': None}", 36: "{'ê³ ì² ': None}", 37: 'í•­ì•„ë¦¬', 38: "{'ì‹ ë¬¸ì§€': None}", 39: "{'ì„ í’ê¸°': None}", 40: 'ì´ë™ì „í™”ë‹¨ë§ê¸°', 41: 'ì „ê¸°ë°¥ì†¥'}
obb: None
orig_img: array([[[ 64,  52,  42],
        [ 62,  50,  40],
        [ 52,  40,  30],
        ...,
        [154, 186, 205],
        [143, 175, 194],
        [148, 180, 199]],

       [[ 65,  53,  43],
        [ 66,  54,  44],
        [ 52,  40,  30],
        ...,
        [148, 180, 199],
        [141, 173, 192],
        [144, 176, 195]],

       [[ 65,  53,  43],
        [ 65,  53,  43],
        [ 53,  41,  31],
        ...,
        [148, 180, 199],
        [146, 178, 197],
        [146, 178, 197]],

       ...,

       [[177, 148, 133],
        [182, 153, 138],
        [188, 159, 144],
        ...,
        [124, 157, 177],
        [155, 188, 208],
        [167, 198, 219]],

       [[148, 119, 104],
        [180, 151, 136],
        [188, 159, 144],
        ...,
        [129, 162, 182],
        [123, 156, 176],
        [148, 179, 200]],

       [[172, 143, 128],
        [189, 160, 145],
        [182, 153, 138],
        ...,
        [122, 155, 175],
        [119, 152, 172],
        [146, 177, 198]]], dtype=uint8)
orig_shape: (3000, 4000)
path: '/home/students/cs/greenery/server/app/static/test1.jpg'
probs: None
save_dir: '/home/students/cs/greenery/server/app/static/predict12'
speed: {'preprocess': 6.658077239990234, 'inference': 27.090072631835938, 'postprocess': 11.350393295288086}]
{'ìŒë£Œìˆ˜ìº”': None}
AAA
 * Restarting with stat
 * Debugger is active!
 * Debugger PIN: 813-568-075

start
0: 480x640 1 {'ìŒë£Œìˆ˜ìº”': None}, 28.2ms
Speed: 4.8ms preprocess, 28.2ms inference, 3.2ms postprocess per image at shape (1, 3, 480, 640)
Results saved to [1m/home/students/cs/greenery/server/app/static/predict13[0m
222.116.135.162 - - [27/Jan/2024 19:51:04] "POST /predict HTTP/1.1" 200 -
222.116.135.162 - - [27/Jan/2024 19:51:10] "POST /chat HTTP/1.1" 200 -
222.116.135.162 - - [27/Jan/2024 19:51:29] "POST /chat HTTP/1.1" 200 -
222.116.135.162 - - [27/Jan/2024 19:51:37] "POST /chat HTTP/1.1" 200 -
222.116.135.162 - - [27/Jan/2024 19:51:42] "POST /chat HTTP/1.1" 200 -
222.116.135.162 - - [27/Jan/2024 19:51:50] "POST /chat HTTP/1.1" 200 -
[ultralytics.engine.results.Results object with attributes:

boxes: ultralytics.engine.results.Boxes object
keypoints: None
masks: None
names: {0: 'ë°¥ìƒ', 1: 'ì„œëì¥', 2: 'ì†ŒíŒŒ', 3: 'ìˆ˜ë‚©ì¥', 4: 'ì‹±í¬ëŒ€', 5: 'ì˜ì', 6: 'ì¥ë¡±', 7: 'ì±…ìƒ', 8: 'ì¹¨ëŒ€', 9: 'í˜‘íƒ', 10: 'í™”ì¥ëŒ€', 11: 'ë°”êµ¬ë‹ˆ', 12: 'ë‘ë°œìì „ê±°', 13: 'ëŒ€ìš©ëŸ‰í”Œë¼ìŠ¤í‹±', 14: 'ë…¸íŠ¸', 15: 'ì»¤í”¼ìº”', 16: 'í¬ì¥ì œ', 17: 'ë§¥ì£¼ìº”', 18: 'í˜íŠ¸ë³‘', 19: 'ì¼íšŒìš©ìŒë£Œìˆ˜ì”', 20: 'ìŒë£Œìˆ˜ê³½', 21: 'ë°€íìš©ê¸°', 22: 'ìƒìë¥˜', 23: 'ì†Œì£¼ë³‘', 24: 'í†µì¡°ë¦¼ìº”', 25: 'í™”ë¶„', 26: 'ìš•ì‹¤ìš©í’ˆ', 27: 'ì•¡ì', 28: "{'TV': None}", 29: "{'ìŠ¤í‹°ë¡œí¼': None}", 30: 'ë„¤ë°œìì „ê±°', 31: "{'ë´‰íˆ¬': None}", 32: "{'ì—ì–´ìº¡': None}", 33: "{'ê¸°íƒ€': None}", 34: "{'ìŒë£Œìˆ˜ìº”': None}", 35: "{'í¬ì¥ìƒì': None}", 36: "{'ê³ ì² ': None}", 37: 'í•­ì•„ë¦¬', 38: "{'ì‹ ë¬¸ì§€': None}", 39: "{'ì„ í’ê¸°': None}", 40: 'ì´ë™ì „í™”ë‹¨ë§ê¸°', 41: 'ì „ê¸°ë°¥ì†¥'}
obb: None
orig_img: array([[[138, 115,  99],
        [136, 113,  97],
        [104,  81,  65],
        ...,
        [133, 161, 178],
        [124, 152, 169],
        [137, 165, 182]],

       [[136, 113,  97],
        [141, 118, 102],
        [104,  81,  65],
        ...,
        [131, 159, 176],
        [132, 160, 177],
        [143, 171, 188]],

       [[140, 117, 101],
        [138, 115,  99],
        [123, 100,  84],
        ...,
        [140, 168, 185],
        [143, 171, 188],
        [146, 174, 191]],

       ...,

       [[214, 187, 166],
        [215, 188, 167],
        [214, 187, 166],
        ...,
        [132, 158, 174],
        [139, 165, 181],
        [148, 174, 190]],

       [[215, 188, 167],
        [213, 186, 165],
        [210, 183, 162],
        ...,
        [135, 161, 177],
        [143, 169, 185],
        [144, 170, 186]],

       [[215, 188, 167],
        [215, 188, 167],
        [211, 184, 163],
        ...,
        [134, 160, 176],
        [135, 161, 177],
        [136, 162, 178]]], dtype=uint8)
orig_shape: (3000, 4000)
path: '/home/students/cs/greenery/server/app/static/test1.jpg'
probs: None
save_dir: '/home/students/cs/greenery/server/app/static/predict13'
speed: {'preprocess': 4.837274551391602, 'inference': 28.19085121154785, 'postprocess': 3.184795379638672}]
{'ìŒë£Œìˆ˜ìº”': None}/
AAA
start
start
start
start

0: 480x640 (no detections), 18.0ms
Speed: 4.4ms preprocess, 18.0ms inference, 4.6ms postprocess per image at shape (1, 3, 480, 640)
Results saved to [1m/home/students/cs/greenery/server/app/static/predict14[0m
222.116.135.162 - - [27/Jan/2024 19:51:52] "POST /predict HTTP/1.1" 200 -
 * Detected change in '/home/students/cs/greenery/server/app/routes/classification.py', reloading
[ultralytics.engine.results.Results object with attributes:

boxes: ultralytics.engine.results.Boxes object
keypoints: None
masks: None
names: {0: 'ë°¥ìƒ', 1: 'ì„œëì¥', 2: 'ì†ŒíŒŒ', 3: 'ìˆ˜ë‚©ì¥', 4: 'ì‹±í¬ëŒ€', 5: 'ì˜ì', 6: 'ì¥ë¡±', 7: 'ì±…ìƒ', 8: 'ì¹¨ëŒ€', 9: 'í˜‘íƒ', 10: 'í™”ì¥ëŒ€', 11: 'ë°”êµ¬ë‹ˆ', 12: 'ë‘ë°œìì „ê±°', 13: 'ëŒ€ìš©ëŸ‰í”Œë¼ìŠ¤í‹±', 14: 'ë…¸íŠ¸', 15: 'ì»¤í”¼ìº”', 16: 'í¬ì¥ì œ', 17: 'ë§¥ì£¼ìº”', 18: 'í˜íŠ¸ë³‘', 19: 'ì¼íšŒìš©ìŒë£Œìˆ˜ì”', 20: 'ìŒë£Œìˆ˜ê³½', 21: 'ë°€íìš©ê¸°', 22: 'ìƒìë¥˜', 23: 'ì†Œì£¼ë³‘', 24: 'í†µì¡°ë¦¼ìº”', 25: 'í™”ë¶„', 26: 'ìš•ì‹¤ìš©í’ˆ', 27: 'ì•¡ì', 28: "{'TV': None}", 29: "{'ìŠ¤í‹°ë¡œí¼': None}", 30: 'ë„¤ë°œìì „ê±°', 31: "{'ë´‰íˆ¬': None}", 32: "{'ì—ì–´ìº¡': None}", 33: "{'ê¸°íƒ€': None}", 34: "{'ìŒë£Œìˆ˜ìº”': None}", 35: "{'í¬ì¥ìƒì': None}", 36: "{'ê³ ì² ': None}", 37: 'í•­ì•„ë¦¬', 38: "{'ì‹ ë¬¸ì§€': None}", 39: "{'ì„ í’ê¸°': None}", 40: 'ì´ë™ì „í™”ë‹¨ë§ê¸°', 41: 'ì „ê¸°ë°¥ì†¥'}
obb: None
orig_img: array([[[113, 101,  89],
        [113, 101,  89],
        [110,  98,  86],
        ...,
        [143, 172, 193],
        [138, 167, 188],
        [133, 162, 183]],

       [[110,  98,  86],
        [111,  99,  87],
        [110,  98,  86],
        ...,
        [156, 185, 206],
        [138, 167, 188],
        [128, 157, 178]],

       [[112, 100,  88],
        [113, 101,  89],
        [112, 100,  88],
        ...,
        [142, 171, 192],
        [132, 161, 182],
        [122, 151, 172]],

       ...,

       [[206, 183, 167],
        [208, 185, 169],
        [208, 185, 169],
        ...,
        [125, 154, 175],
        [132, 161, 182],
        [140, 169, 190]],

       [[206, 183, 167],
        [205, 182, 166],
        [207, 184, 168],
        ...,
        [140, 169, 190],
        [143, 172, 193],
        [139, 168, 189]],

       [[204, 181, 165],
        [211, 188, 172],
        [210, 187, 171],
        ...,
        [124, 153, 174],
        [140, 169, 190],
        [139, 168, 189]]], dtype=uint8)
orig_shape: (3000, 4000)
path: '/home/students/cs/greenery/server/app/static/test1.jpg'
probs: None
save_dir: '/home/students/cs/greenery/server/app/static/predict14'
speed: {'preprocess': 4.377126693725586, 'inference': 17.96245574951172, 'postprocess': 4.566192626953125}]
 * Restarting with stat
 * Debugger is active!
 * Debugger PIN: 813-568-075
222.116.135.162 - - [27/Jan/2024 19:52:47] "POST /chat HTTP/1.1" 200 -
start

0: 480x640 (no detections), 16.2ms
Speed: 4.7ms preprocess, 16.2ms inference, 1.1ms postprocess per image at shape (1, 3, 480, 640)
Results saved to [1m/home/students/cs/greenery/server/app/static/predict15[0m
222.116.135.162 - - [27/Jan/2024 19:52:51] "POST /predict HTTP/1.1" 200 -
222.116.135.162 - - [27/Jan/2024 19:53:33] "POST /chat HTTP/1.1" 200 -
222.116.135.162 - - [27/Jan/2024 19:54:21] "POST /chat HTTP/1.1" 200 -
222.116.135.162 - - [27/Jan/2024 19:54:27] "POST /chat HTTP/1.1" 200 -
222.116.135.162 - - [27/Jan/2024 19:54:37] "POST /chat HTTP/1.1" 200 -
222.116.135.162 - - [27/Jan/2024 19:54:45] "POST /chat HTTP/1.1" 200 -
222.116.135.162 - - [27/Jan/2024 19:54:49] "POST /chat HTTP/1.1" 200 -
start
start
start
start
start
start

0: 480x640 1 {'ìŒë£Œìˆ˜ìº”': None}, 10.0ms
Speed: 3.9ms preprocess, 10.0ms inference, 7.8ms postprocess per image at shape (1, 3, 480, 640)
Results saved to [1m/home/students/cs/greenery/server/app/static/predict16[0m
222.116.135.162 - - [27/Jan/2024 19:57:55] "POST /predict HTTP/1.1" 200 -
{'ìŒë£Œìˆ˜ìº”': None}/
AAA

0: 480x640 1 {'ìŒë£Œìˆ˜ìº”': None}, 12.3ms
Speed: 5.7ms preprocess, 12.3ms inference, 1.7ms postprocess per image at shape (1, 3, 480, 640)
Results saved to [1m/home/students/cs/greenery/server/app/static/predict17[0m
222.116.135.162 - - [27/Jan/2024 19:59:21] "POST /predict HTTP/1.1" 200 -
{'ìŒë£Œìˆ˜ìº”': None}/
AAA

0: 480x640 1 {'ìŒë£Œìˆ˜ìº”': None}, 15.8ms
Speed: 4.4ms preprocess, 15.8ms inference, 11.3ms postprocess per image at shape (1, 3, 480, 640)
Results saved to [1m/home/students/cs/greenery/server/app/static/predict18[0m
222.116.135.162 - - [27/Jan/2024 19:59:35] "POST /predict HTTP/1.1" 200 -
{'ìŒë£Œìˆ˜ìº”': None}/
AAA

0: 480x640 1 {'ìŒë£Œìˆ˜ìº”': None}, 12.6ms
Speed: 4.4ms preprocess, 12.6ms inference, 1.2ms postprocess per image at shape (1, 3, 480, 640)
Results saved to [1m/home/students/cs/greenery/server/app/static/predict19[0m
222.116.135.162 - - [27/Jan/2024 19:59:50] "POST /predict HTTP/1.1" 200 -
{'ìŒë£Œìˆ˜ìº”': None}/
AAA
start

0: 480x640 1 {'ìŒë£Œìˆ˜ìº”': None}, 22.5ms
Speed: 4.4ms preprocess, 22.5ms inference, 11.3ms postprocess per image at shape (1, 3, 480, 640)
Results saved to [1m/home/students/cs/greenery/server/app/static/predict20[0m
222.116.135.162 - - [27/Jan/2024 20:00:13] "POST /predict HTTP/1.1" 200 -
222.116.135.162 - - [27/Jan/2024 20:00:15] "POST /chat HTTP/1.1" 200 -
{'ìŒë£Œìˆ˜ìº”': None}/
AAA

0: 480x640 1 {'ìŒë£Œìˆ˜ìº”': None}, 11.0ms
Speed: 3.7ms preprocess, 11.0ms inference, 1.4ms postprocess per image at shape (1, 3, 480, 640)
Results saved to [1m/home/students/cs/greenery/server/app/static/predict21[0m
222.116.135.162 - - [27/Jan/2024 20:00:32] "POST /predict HTTP/1.1" 200 -
{'ìŒë£Œìˆ˜ìº”': None}/
AAA

0: 480x640 1 {'ìŒë£Œìˆ˜ìº”': None}, 18.0ms
Speed: 4.3ms preprocess, 18.0ms inference, 11.3ms postprocess per image at shape (1, 3, 480, 640)
Results saved to [1m/home/students/cs/greenery/server/app/static/predict22[0m
222.116.135.162 - - [27/Jan/2024 20:00:40] "POST /predict HTTP/1.1" 200 -
{'ìŒë£Œìˆ˜ìº”': None}/
AAA

0: 480x640 1 {'ìŒë£Œìˆ˜ìº”': None}, 9.6ms
Speed: 3.7ms preprocess, 9.6ms inference, 1.3ms postprocess per image at shape (1, 3, 480, 640)
Results saved to [1m/home/students/cs/greenery/server/app/static/predict23[0m
222.116.135.162 - - [27/Jan/2024 20:00:50] "POST /predict HTTP/1.1" 200 -
222.116.135.162 - - [27/Jan/2024 20:01:32] "POST /chat HTTP/1.1" 200 -
 * Detected change in '/home/students/cs/greenery/server/app/routes/classification.py', reloading
{'ìŒë£Œìˆ˜ìº”': None}/
AAA
start
 * Restarting with stat
 * Debugger is active!
 * Debugger PIN: 813-568-075
222.116.135.162 - - [27/Jan/2024 20:01:49] "POST /chat HTTP/1.1" 200 -
222.116.135.162 - - [27/Jan/2024 20:01:49] "POST /chat HTTP/1.1" 200 -
222.116.135.162 - - [27/Jan/2024 20:02:02] "POST /chat HTTP/1.1" 200 -
222.116.135.162 - - [27/Jan/2024 20:02:04] "POST /chat HTTP/1.1" 200 -
222.116.135.162 - - [27/Jan/2024 20:02:05] "POST /chat HTTP/1.1" 200 -
222.116.135.162 - - [27/Jan/2024 20:02:09] "POST /chat HTTP/1.1" 200 -
222.116.135.162 - - [27/Jan/2024 20:02:35] "POST /chat HTTP/1.1" 200 -
222.116.135.162 - - [27/Jan/2024 20:02:39] "POST /chat HTTP/1.1" 200 -
start
start
start
start
start
start
start
start

0: 480x640 1 {'ìŒë£Œìˆ˜ìº”': None}, 27.1ms
Speed: 4.4ms preprocess, 27.1ms inference, 24.5ms postprocess per image at shape (1, 3, 480, 640)
Results saved to [1m/home/students/cs/greenery/server/app/static/predict24[0m
222.116.135.162 - - [27/Jan/2024 20:03:05] "POST /predict HTTP/1.1" 200 -
 * Detected change in '/home/students/cs/greenery/server/app/routes/classification.py', reloading
{'ìŒë£Œìˆ˜ìº”': None}/
AAA
 * Restarting with stat
 * Debugger is active!
 * Debugger PIN: 813-568-075
222.116.135.162 - - [27/Jan/2024 20:03:29] "POST /chat HTTP/1.1" 200 -
222.116.135.162 - - [27/Jan/2024 20:03:30] "POST /chat HTTP/1.1" 200 -
222.116.135.162 - - [27/Jan/2024 20:03:35] "POST /chat HTTP/1.1" 200 -
222.116.135.162 - - [27/Jan/2024 20:03:37] "POST /chat HTTP/1.1" 200 -
222.116.135.162 - - [27/Jan/2024 20:03:37] "POST /chat HTTP/1.1" 200 -
222.116.135.162 - - [27/Jan/2024 20:03:39] "POST /chat HTTP/1.1" 200 -
222.116.135.162 - - [27/Jan/2024 20:03:39] "POST /chat HTTP/1.1" 200 -
222.116.135.162 - - [27/Jan/2024 20:03:40] "POST /chat HTTP/1.1" 200 -
222.116.135.162 - - [27/Jan/2024 20:03:41] "POST /chat HTTP/1.1" 200 -
222.116.135.162 - - [27/Jan/2024 20:03:42] "POST /chat HTTP/1.1" 200 -
222.116.135.162 - - [27/Jan/2024 20:03:44] "POST /chat HTTP/1.1" 200 -
222.116.135.162 - - [27/Jan/2024 20:03:45] "POST /chat HTTP/1.1" 200 -
222.116.135.162 - - [27/Jan/2024 20:03:45] "POST /chat HTTP/1.1" 200 -
222.116.135.162 - - [27/Jan/2024 20:03:45] "POST /chat HTTP/1.1" 200 -
222.116.135.162 - - [27/Jan/2024 20:03:45] "POST /chat HTTP/1.1" 200 -
222.116.135.162 - - [27/Jan/2024 20:03:46] "POST /chat HTTP/1.1" 200 -
222.116.135.162 - - [27/Jan/2024 20:03:46] "POST /chat HTTP/1.1" 200 -
222.116.135.162 - - [27/Jan/2024 20:03:46] "POST /chat HTTP/1.1" 200 -
222.116.135.162 - - [27/Jan/2024 20:03:47] "POST /chat HTTP/1.1" 200 -
222.116.135.162 - - [27/Jan/2024 20:03:47] "POST /chat HTTP/1.1" 200 -
222.116.135.162 - - [27/Jan/2024 20:03:47] "POST /chat HTTP/1.1" 200 -
222.116.135.162 - - [27/Jan/2024 20:03:51] "POST /chat HTTP/1.1" 200 -
222.116.135.162 - - [27/Jan/2024 20:04:01] "POST /chat HTTP/1.1" 200 -
222.116.135.162 - - [27/Jan/2024 20:04:04] "POST /chat HTTP/1.1" 200 -
222.116.135.162 - - [27/Jan/2024 20:04:10] "POST /chat HTTP/1.1" 200 -
222.116.135.162 - - [27/Jan/2024 20:04:10] "POST /chat HTTP/1.1" 200 -
222.116.135.162 - - [27/Jan/2024 20:04:10] "POST /chat HTTP/1.1" 200 -
start
start
start
start
start
start
start
start
start
start
start
start
start
start
start
start
start
start
start
start
start
start
start
start
start
start
start

0: 512x640 (no detections), 22.4ms
Speed: 6.5ms preprocess, 22.4ms inference, 4.5ms postprocess per image at shape (1, 3, 512, 640)
Results saved to [1m/home/students/cs/greenery/server/app/static/predict25[0m
222.116.135.162 - - [27/Jan/2024 20:04:16] "POST /predict HTTP/1.1" 200 -
 * Detected change in '/home/students/cs/greenery/server/app/routes/classification.py', reloading
 * Restarting with stat
 * Debugger is active!
 * Debugger PIN: 813-568-075
 * Detected change in '/home/students/cs/greenery/server/app/routes/chatbot.py', reloading
terminate called without an active exception
 * Serving Flask app 'app'
 * Debug mode: on
WARNING: This is a development server. Do not use it in a production deployment. Use a production WSGI server instead.
 * Running on http://222.116.135.166:51203
Press CTRL+C to quit
 * Restarting with stat
 * Debugger is active!
 * Debugger PIN: 813-568-075

0: 480x640 1 {'ìŒë£Œìˆ˜ìº”': None}, 18.0ms
Speed: 6.5ms preprocess, 18.0ms inference, 11.3ms postprocess per image at shape (1, 3, 480, 640)
Results saved to [1m/home/students/cs/greenery/server/app/static/predict82[0m
222.116.135.162 - - [27/Jan/2024 21:16:15] "POST /predict HTTP/1.1" 200 -
 * Detected change in '/home/students/cs/greenery/server/config.py', reloading
 * Restarting with stat
 * Debugger is active!
 * Debugger PIN: 813-568-075
222.116.135.162 - - [27/Jan/2024 21:18:45] "POST /chat HTTP/1.1" 200 -
222.116.135.162 - - [27/Jan/2024 21:18:59] "POST /chat HTTP/1.1" 200 -
222.116.135.162 - - [27/Jan/2024 21:19:01] "POST /chat HTTP/1.1" 200 -
222.116.135.162 - - [27/Jan/2024 21:19:01] "POST /chat HTTP/1.1" 200 -
222.116.135.162 - - [27/Jan/2024 21:19:01] "POST /chat HTTP/1.1" 200 -
222.116.135.162 - - [27/Jan/2024 21:19:03] "POST /chat HTTP/1.1" 200 -
222.116.135.162 - - [27/Jan/2024 21:19:08] "POST /chat HTTP/1.1" 200 -
222.116.135.162 - - [27/Jan/2024 21:19:09] "POST /chat HTTP/1.1" 200 -
222.116.135.162 - - [27/Jan/2024 21:19:10] "POST /chat HTTP/1.1" 200 -
222.116.135.162 - - [27/Jan/2024 21:19:10] "POST /chat HTTP/1.1" 200 -
222.116.135.162 - - [27/Jan/2024 21:19:31] "POST /chat HTTP/1.1" 200 -
222.116.135.162 - - [27/Jan/2024 21:19:32] "POST /chat HTTP/1.1" 200 -
222.116.135.162 - - [27/Jan/2024 21:19:32] "POST /chat HTTP/1.1" 200 -

0: 480x640 1 ì»¤í”¼ìº”, 1 í˜íŠ¸ë³‘, 22.4ms
Speed: 4.4ms preprocess, 22.4ms inference, 2.7ms postprocess per image at shape (1, 3, 480, 640)
Results saved to [1m/home/students/cs/greenery/server/app/static/predict83[0m
222.116.135.162 - - [27/Jan/2024 21:19:53] "POST /predict HTTP/1.1" 200 -
 * Detected change in '/home/students/cs/greenery/server/config.py', reloading
 * Restarting with stat
 * Debugger is active!
 * Debugger PIN: 813-568-075
222.116.135.162 - - [27/Jan/2024 21:22:33] "POST /chat HTTP/1.1" 200 -
222.116.135.162 - - [27/Jan/2024 21:22:58] "POST /chat HTTP/1.1" 200 -
222.116.135.162 - - [27/Jan/2024 21:22:59] "POST /chat HTTP/1.1" 200 -
222.116.135.162 - - [27/Jan/2024 21:23:00] "POST /chat HTTP/1.1" 200 -
222.116.135.162 - - [27/Jan/2024 21:23:01] "POST /chat HTTP/1.1" 200 -
222.116.135.162 - - [27/Jan/2024 21:23:03] "POST /chat HTTP/1.1" 200 -
 * Detected change in '/home/students/cs/greenery/server/config.py', reloading
 * Restarting with stat
 * Debugger is active!
 * Debugger PIN: 813-568-075

0: 480x640 (no detections), 18.0ms
Speed: 6.5ms preprocess, 18.0ms inference, 4.6ms postprocess per image at shape (1, 3, 480, 640)
Results saved to [1m/home/students/cs/greenery/server/app/static/predict84[0m
222.116.135.162 - - [27/Jan/2024 21:23:46] "POST /predict HTTP/1.1" 200 -
222.116.135.162 - - [27/Jan/2024 21:23:53] "POST /chat HTTP/1.1" 200 -
222.116.135.162 - - [27/Jan/2024 21:23:54] "POST /chat HTTP/1.1" 200 -
222.116.135.162 - - [27/Jan/2024 21:23:55] "POST /chat HTTP/1.1" 200 -
222.116.135.162 - - [27/Jan/2024 21:23:56] "POST /chat HTTP/1.1" 200 -

0: 480x640 1 ì»¤í”¼ìº”, 1 í˜íŠ¸ë³‘, 18.0ms
Speed: 4.4ms preprocess, 18.0ms inference, 11.3ms postprocess per image at shape (1, 3, 480, 640)
Results saved to [1m/home/students/cs/greenery/server/app/static/predict85[0m
222.116.135.162 - - [27/Jan/2024 21:24:03] "POST /predict HTTP/1.1" 200 -

0: 480x640 1 ì»¤í”¼ìº”, 13.7ms
Speed: 4.4ms preprocess, 13.7ms inference, 1.4ms postprocess per image at shape (1, 3, 480, 640)
Results saved to [1m/home/students/cs/greenery/server/app/static/predict86[0m
222.116.135.162 - - [27/Jan/2024 21:24:15] "POST /predict HTTP/1.1" 200 -
222.116.135.162 - - [27/Jan/2024 21:24:28] "POST /chat HTTP/1.1" 200 -
222.116.135.162 - - [27/Jan/2024 21:24:42] "POST /chat HTTP/1.1" 200 -

0: 480x640 (no detections), 18.1ms
Speed: 5.2ms preprocess, 18.1ms inference, 4.5ms postprocess per image at shape (1, 3, 480, 640)
Results saved to [1m/home/students/cs/greenery/server/app/static/predict87[0m
222.116.135.162 - - [27/Jan/2024 21:33:11] "POST /predict HTTP/1.1" 200 -

0: 480x640 1 ì»¤í”¼ìº”, 17.9ms
Speed: 4.4ms preprocess, 17.9ms inference, 1.9ms postprocess per image at shape (1, 3, 480, 640)
Results saved to [1m/home/students/cs/greenery/server/app/static/predict88[0m
222.116.135.162 - - [27/Jan/2024 21:38:31] "POST /predict HTTP/1.1" 200 -
222.116.135.162 - - [27/Jan/2024 21:38:39] "POST /chat HTTP/1.1" 200 -
222.116.135.162 - - [27/Jan/2024 21:39:37] "POST /chat HTTP/1.1" 200 -

0: 480x640 1 ì»¤í”¼ìº”, 19.9ms
Speed: 4.2ms preprocess, 19.9ms inference, 19.8ms postprocess per image at shape (1, 3, 480, 640)
Results saved to [1m/home/students/cs/greenery/server/app/static/predict89[0m
222.116.135.162 - - [27/Jan/2024 21:39:49] "POST /predict HTTP/1.1" 200 -
222.116.135.162 - - [27/Jan/2024 21:39:58] "POST /chat HTTP/1.1" 200 -

0: 480x640 1 ì»¤í”¼ìº”, 1 í˜íŠ¸ë³‘, 15.6ms
Speed: 4.4ms preprocess, 15.6ms inference, 11.5ms postprocess per image at shape (1, 3, 480, 640)
Results saved to [1m/home/students/cs/greenery/server/app/static/predict90[0m
222.116.135.162 - - [27/Jan/2024 21:40:20] "POST /predict HTTP/1.1" 200 -

0: 480x640 1 ì»¤í”¼ìº”, 15.8ms
Speed: 4.4ms preprocess, 15.8ms inference, 11.4ms postprocess per image at shape (1, 3, 480, 640)
Results saved to [1m/home/students/cs/greenery/server/app/static/predict91[0m
222.116.135.162 - - [27/Jan/2024 21:40:28] "POST /predict HTTP/1.1" 200 -
222.116.135.162 - - [27/Jan/2024 21:40:36] "POST /chat HTTP/1.1" 200 -
222.116.135.162 - - [27/Jan/2024 21:40:51] "POST /chat HTTP/1.1" 200 -

0: 480x640 1 ìŒë£Œìˆ˜ê³½, 20.4ms
Speed: 4.4ms preprocess, 20.4ms inference, 11.4ms postprocess per image at shape (1, 3, 480, 640)
Results saved to [1m/home/students/cs/greenery/server/app/static/predict92[0m
222.116.135.162 - - [28/Jan/2024 04:42:44] "POST /predict HTTP/1.1" 200 -
222.116.135.162 - - [28/Jan/2024 04:42:56] "POST /chat HTTP/1.1" 200 -
222.116.135.162 - - [28/Jan/2024 04:43:25] "POST /chat HTTP/1.1" 200 -

0: 480x640 1 ìŒë£Œìˆ˜ê³½, 18.0ms
Speed: 4.4ms preprocess, 18.0ms inference, 11.3ms postprocess per image at shape (1, 3, 480, 640)
Results saved to [1m/home/students/cs/greenery/server/app/static/predict93[0m
222.116.135.162 - - [28/Jan/2024 04:43:56] "POST /predict HTTP/1.1" 200 -
222.116.135.162 - - [28/Jan/2024 04:44:04] "POST /chat HTTP/1.1" 200 -

0: 480x640 (no detections), 6.2ms
Speed: 3.9ms preprocess, 6.2ms inference, 0.4ms postprocess per image at shape (1, 3, 480, 640)
Results saved to [1m/home/students/cs/greenery/server/app/static/predict94[0m
121.168.132.119 - - [28/Jan/2024 12:59:09] "POST /predict HTTP/1.1" 200 -

0: 480x640 1 ì˜ì, 6.1ms
Speed: 2.7ms preprocess, 6.1ms inference, 0.8ms postprocess per image at shape (1, 3, 480, 640)
Results saved to [1m/home/students/cs/greenery/server/app/static/predict95[0m
121.168.132.119 - - [28/Jan/2024 12:59:22] "POST /predict HTTP/1.1" 200 -

0: 480x640 (no detections), 6.1ms
Speed: 2.6ms preprocess, 6.1ms inference, 0.4ms postprocess per image at shape (1, 3, 480, 640)
Results saved to [1m/home/students/cs/greenery/server/app/static/predict96[0m
121.168.132.119 - - [28/Jan/2024 12:59:33] "POST /predict HTTP/1.1" 200 -

0: 480x640 1 í˜íŠ¸ë³‘, 6.1ms
Speed: 2.7ms preprocess, 6.1ms inference, 0.8ms postprocess per image at shape (1, 3, 480, 640)
Results saved to [1m/home/students/cs/greenery/server/app/static/predict97[0m
121.168.132.119 - - [28/Jan/2024 12:59:43] "POST /predict HTTP/1.1" 200 -
121.168.132.119 - - [28/Jan/2024 12:59:50] "POST /chat HTTP/1.1" 200 -
121.168.132.119 - - [28/Jan/2024 13:00:06] "POST /chat HTTP/1.1" 200 -
118.235.24.87 - - [28/Jan/2024 15:30:15] "POST /chat HTTP/1.1" 200 -

0: 480x640 (no detections), 6.7ms
Speed: 3.9ms preprocess, 6.7ms inference, 0.4ms postprocess per image at shape (1, 3, 480, 640)
Results saved to [1m/home/students/cs/greenery/server/app/static/predict98[0m
118.235.24.87 - - [28/Jan/2024 15:30:42] "POST /predict HTTP/1.1" 200 -

0: 480x640 1 ì†ŒíŒŒ, 6.3ms
Speed: 2.7ms preprocess, 6.3ms inference, 0.8ms postprocess per image at shape (1, 3, 480, 640)
Results saved to [1m/home/students/cs/greenery/server/app/static/predict99[0m
118.235.24.87 - - [28/Jan/2024 15:31:00] "POST /predict HTTP/1.1" 200 -
118.235.24.87 - - [28/Jan/2024 15:31:09] "POST /chat HTTP/1.1" 200 -
118.235.24.87 - - [28/Jan/2024 15:31:23] "POST /chat HTTP/1.1" 200 -
118.235.24.87 - - [28/Jan/2024 15:32:02] "POST /chat HTTP/1.1" 200 -
118.235.24.87 - - [28/Jan/2024 15:32:26] "POST /chat HTTP/1.1" 200 -
118.235.24.87 - - [28/Jan/2024 15:32:42] "POST /chat HTTP/1.1" 200 -
118.235.24.87 - - [28/Jan/2024 15:33:01] "POST /chat HTTP/1.1" 200 -
118.235.24.87 - - [28/Jan/2024 15:33:17] "POST /chat HTTP/1.1" 200 -
118.235.24.87 - - [28/Jan/2024 15:33:25] "POST /chat HTTP/1.1" 200 -
121.168.132.119 - - [28/Jan/2024 20:42:07] "POST /chat HTTP/1.1" 200 -

0: 480x640 (no detections), 6.2ms
Speed: 3.9ms preprocess, 6.2ms inference, 0.4ms postprocess per image at shape (1, 3, 480, 640)
Results saved to [1m/home/students/cs/greenery/server/app/static/predict100[0m
121.168.132.119 - - [28/Jan/2024 20:42:30] "POST /predict HTTP/1.1" 200 -

0: 480x640 1 ìŒë£Œìˆ˜ê³½, 6.2ms
Speed: 2.6ms preprocess, 6.2ms inference, 0.8ms postprocess per image at shape (1, 3, 480, 640)
Results saved to [1m/home/students/cs/greenery/server/app/static/predict101[0m
121.168.132.119 - - [28/Jan/2024 20:42:39] "POST /predict HTTP/1.1" 200 -
121.168.132.119 - - [28/Jan/2024 20:42:49] "POST /chat HTTP/1.1" 200 -
121.168.132.119 - - [28/Jan/2024 20:43:08] "POST /chat HTTP/1.1" 200 -
121.168.132.119 - - [28/Jan/2024 20:43:22] "POST /chat HTTP/1.1" 200 -
27.0.238.70 - - [29/Jan/2024 01:04:42] "GET / HTTP/1.1" 404 -
211.231.103.91 - - [29/Jan/2024 01:04:46] "GET /predict HTTP/1.1" 500 -
Traceback (most recent call last):
  File "/home/students/cs/greenery/.local/lib/python3.10/site-packages/flask/app.py", line 1488, in __call__
    return self.wsgi_app(environ, start_response)
  File "/home/students/cs/greenery/.local/lib/python3.10/site-packages/flask/app.py", line 1466, in wsgi_app
    response = self.handle_exception(e)
  File "/home/students/cs/greenery/.local/lib/python3.10/site-packages/flask/app.py", line 1463, in wsgi_app
    response = self.full_dispatch_request()
  File "/home/students/cs/greenery/.local/lib/python3.10/site-packages/flask/app.py", line 872, in full_dispatch_request
    rv = self.handle_user_exception(e)
  File "/home/students/cs/greenery/.local/lib/python3.10/site-packages/flask/app.py", line 870, in full_dispatch_request
    rv = self.dispatch_request()
  File "/home/students/cs/greenery/.local/lib/python3.10/site-packages/flask/app.py", line 855, in dispatch_request
    return self.ensure_sync(self.view_functions[rule.endpoint])(**view_args)  # type: ignore[no-any-return]
  File "/home/students/cs/greenery/server/app/routes/classification.py", line 11, in _predict
    f = request.files["file"]
  File "/home/students/cs/greenery/.local/lib/python3.10/site-packages/flask/debughelpers.py", line 93, in __getitem__
    return super().__getitem__(key)
  File "/home/students/cs/greenery/.local/lib/python3.10/site-packages/werkzeug/datastructures/structures.py", line 192, in __getitem__
    raise exceptions.BadRequestKeyError(key)
werkzeug.exceptions.BadRequestKeyError: 400 Bad Request: The browser (or proxy) sent a request that this server could not understand.
KeyError: 'file'
211.231.103.106 - - [29/Jan/2024 15:44:41] "GET /predict HTTP/1.1" 500 -
Traceback (most recent call last):
  File "/home/students/cs/greenery/.local/lib/python3.10/site-packages/flask/app.py", line 1488, in __call__
    return self.wsgi_app(environ, start_response)
  File "/home/students/cs/greenery/.local/lib/python3.10/site-packages/flask/app.py", line 1466, in wsgi_app
    response = self.handle_exception(e)
  File "/home/students/cs/greenery/.local/lib/python3.10/site-packages/flask/app.py", line 1463, in wsgi_app
    response = self.full_dispatch_request()
  File "/home/students/cs/greenery/.local/lib/python3.10/site-packages/flask/app.py", line 872, in full_dispatch_request
    rv = self.handle_user_exception(e)
  File "/home/students/cs/greenery/.local/lib/python3.10/site-packages/flask/app.py", line 870, in full_dispatch_request
    rv = self.dispatch_request()
  File "/home/students/cs/greenery/.local/lib/python3.10/site-packages/flask/app.py", line 855, in dispatch_request
    return self.ensure_sync(self.view_functions[rule.endpoint])(**view_args)  # type: ignore[no-any-return]
  File "/home/students/cs/greenery/server/app/routes/classification.py", line 11, in _predict
    f = request.files["file"]
  File "/home/students/cs/greenery/.local/lib/python3.10/site-packages/flask/debughelpers.py", line 93, in __getitem__
    return super().__getitem__(key)
  File "/home/students/cs/greenery/.local/lib/python3.10/site-packages/werkzeug/datastructures/structures.py", line 192, in __getitem__
    raise exceptions.BadRequestKeyError(key)
werkzeug.exceptions.BadRequestKeyError: 400 Bad Request: The browser (or proxy) sent a request that this server could not understand.
KeyError: 'file'
